c:\users\aurora.fernandez\desktop\recursos practica 1_plantilla\plantilla\project\debug\vc143.pdb
c:\users\aurora.fernandez\desktop\recursos practica 1_plantilla\plantilla\project\debug\vc143.idb
c:\users\aurora.fernandez\desktop\recursos practica 1_plantilla\plantilla\project\debug\vec2.obj
c:\users\aurora.fernandez\desktop\recursos practica 1_plantilla\plantilla\project\debug\main.obj
c:\users\aurora.fernandez\desktop\pr2d - practica 4\plantilla\project\debug\vc143.pdb
c:\users\aurora.fernandez\desktop\pr2d - practica 4\plantilla\project\debug\vc143.idb
c:\users\aurora.fernandez\desktop\pr2d - practica 4\plantilla\project\debug\vec2.obj
c:\users\aurora.fernandez\desktop\pr2d - practica 4\plantilla\project\debug\rectcollider.obj
c:\users\aurora.fernandez\desktop\pr2d - practica 4\plantilla\project\debug\pixelscollider.obj
c:\users\aurora.fernandez\desktop\pr2d - practica 4\plantilla\project\debug\circlecollider.obj
c:\users\aurora.fernandez\desktop\recursos practica 1_plantilla\plantilla\project\debug\programacion2d.exe
c:\users\aurora.fernandez\desktop\recursos practica 1_plantilla\plantilla\project\debug\programacion2d.ilk
c:\users\aurora.fernandez\desktop\recursos practica 1_plantilla\plantilla\project\debug\programacion2d.pdb
c:\users\aurora.fernandez\desktop\pr2d - practica 4\plantilla\project\debug\main.obj
c:\users\aurora.fernandez\desktop\pr2d - practica 4\plantilla\project\debug\main.new.obj.enc
c:\users\aurora.fernandez\desktop\pr2d - practica 4\plantilla\project\debug\programacion2d.pdb
c:\users\aurora.fernandez\desktop\pr2d - practica 4\plantilla\project\debug\programacion2d.exe
c:\users\aurora.fernandez\desktop\pr2d - practica 4\plantilla\project\debug\programacion2d.tlog\cl.command.1.tlog
c:\users\aurora.fernandez\desktop\pr2d - practica 4\plantilla\project\debug\programacion2d.tlog\cl.read.1.tlog
c:\users\aurora.fernandez\desktop\pr2d - practica 4\plantilla\project\debug\programacion2d.tlog\cl.write.1.tlog
c:\users\aurora.fernandez\desktop\pr2d - practica 4\plantilla\project\debug\programacion2d.tlog\link.command.1.tlog
c:\users\aurora.fernandez\desktop\pr2d - practica 4\plantilla\project\debug\programacion2d.tlog\link.read.1.tlog
c:\users\aurora.fernandez\desktop\pr2d - practica 4\plantilla\project\debug\programacion2d.tlog\link.write.1.tlog
